<?xml version="1.0" encoding="UTF-8"?>
<!-- Generated by org.testng.reporters.JUnitReportReporter -->
<testsuite hostname="ashudeep-VivoBook-ASUSLaptop-X412DA-X412DA" failures="0" tests="3" name="com.w2a.testcases.AddCustomerTest" time="1.634" errors="0" timestamp="2020-05-24T11:59:57 IST" skipped="1">
  <testcase classname="com.w2a.testcases.AddCustomerTest" name="addcustomertest" time="0.434"/>
  <system-out/>
  <testcase classname="com.w2a.testcases.AddCustomerTest" name="addcustomertest" time="0.009">
    <skipped/>
  </testcase> <!-- addcustomertest -->
  <system-out/>
  <testcase classname="com.w2a.testcases.AddCustomerTest" name="addcustomertest" time="1.191"/>
  <system-out/>
</testsuite> <!-- com.w2a.testcases.AddCustomerTest -->
