<?xml version="1.0" encoding="UTF-8"?>
<!-- Generated by org.testng.reporters.JUnitReportReporter -->
<testsuite hostname="ashudeep-VivoBook-ASUSLaptop-X412DA-X412DA" failures="0" tests="3" name="com.w2a.testcases.AddCustomerTest" time="1.536" errors="0" timestamp="2020-05-11T22:55:39 IST" skipped="1">
  <testcase classname="com.w2a.testcases.AddCustomerTest" name="addcustomertest" time="0.932"/>
  <system-out/>
  <testcase classname="com.w2a.testcases.AddCustomerTest" name="addcustomertest" time="0.048">
    <skipped/>
  </testcase> <!-- addcustomertest -->
  <system-out/>
  <testcase classname="com.w2a.testcases.AddCustomerTest" name="addcustomertest" time="0.556"/>
  <system-out/>
</testsuite> <!-- com.w2a.testcases.AddCustomerTest -->
