<?xml version="1.0" encoding="UTF-8"?>
<!-- Generated by org.testng.reporters.JUnitReportReporter -->
<testsuite hostname="ashudeep-VivoBook-ASUSLaptop-X412DA-X412DA" failures="0" tests="1" name="com.w2a.testcases.LoginClass" time="1.675" errors="0" timestamp="2020-05-11T22:55:39 IST" skipped="0">
  <testcase classname="com.w2a.testcases.LoginClass" name="logintest" time="1.675"/>
  <system-out/>
</testsuite> <!-- com.w2a.testcases.LoginClass -->
