<?xml version="1.0" encoding="UTF-8"?>
<!-- Generated by org.testng.reporters.JUnitReportReporter -->
<testsuite hostname="ashudeep-VivoBook-ASUSLaptop-X412DA-X412DA" failures="0" tests="1" name="com.w2a.testcases.LoginClass" time="0.244" errors="0" timestamp="2020-05-24T11:59:57 IST" skipped="0">
  <testcase classname="com.w2a.testcases.LoginClass" name="logintest" time="0.244"/>
  <system-out/>
</testsuite> <!-- com.w2a.testcases.LoginClass -->
