<?xml version="1.0" encoding="UTF-8"?>
<!-- Generated by org.testng.reporters.JUnitReportReporter -->
<testsuite hostname="ashudeep-VivoBook-ASUSLaptop-X412DA-X412DA" failures="0" tests="2" name="com.w2a.testcases.OpenAccount" time="1.270" errors="0" timestamp="2020-05-11T22:55:39 IST" skipped="1">
  <testcase classname="com.w2a.testcases.OpenAccount" name="openaccounttest" time="1.231"/>
  <system-out/>
  <testcase classname="com.w2a.testcases.OpenAccount" name="openaccounttest" time="0.039">
    <skipped/>
  </testcase> <!-- openaccounttest -->
  <system-out/>
</testsuite> <!-- com.w2a.testcases.OpenAccount -->
